0 info it worked if it ends with ok
1 verbose cli [ '/usr/local/bin/node',
1 verbose cli   '/usr/local/bin/npm',
1 verbose cli   'install',
1 verbose cli   '--save-dev',
1 verbose cli   'eslint',
1 verbose cli   'eslint-config-google01' ]
2 info using npm@4.1.2
3 info using node@v7.7.1
4 silly loadCurrentTree Starting
5 silly install loadCurrentTree
6 silly install readLocalPackageData
7 silly fetchPackageMetaData eslint
8 silly fetchPackageMetaData eslint-config-google01
9 silly fetchNamedPackageData eslint
10 silly mapToRegistry name eslint
11 silly mapToRegistry using default registry
12 silly mapToRegistry registry https://registry.npmjs.org/
13 silly mapToRegistry data Result {
13 silly mapToRegistry   raw: 'eslint',
13 silly mapToRegistry   scope: null,
13 silly mapToRegistry   escapedName: 'eslint',
13 silly mapToRegistry   name: 'eslint',
13 silly mapToRegistry   rawSpec: '',
13 silly mapToRegistry   spec: 'latest',
13 silly mapToRegistry   type: 'tag' }
14 silly mapToRegistry uri https://registry.npmjs.org/eslint
15 silly fetchNamedPackageData eslint-config-google01
16 silly mapToRegistry name eslint-config-google01
17 silly mapToRegistry using default registry
18 silly mapToRegistry registry https://registry.npmjs.org/
19 silly mapToRegistry data Result {
19 silly mapToRegistry   raw: 'eslint-config-google01',
19 silly mapToRegistry   scope: null,
19 silly mapToRegistry   escapedName: 'eslint-config-google01',
19 silly mapToRegistry   name: 'eslint-config-google01',
19 silly mapToRegistry   rawSpec: '',
19 silly mapToRegistry   spec: 'latest',
19 silly mapToRegistry   type: 'tag' }
20 silly mapToRegistry uri https://registry.npmjs.org/eslint-config-google01
21 verbose request uri https://registry.npmjs.org/eslint-config-google01
22 verbose request no auth needed
23 info attempt registry request try #1 at 10:01:46 PM
24 verbose request id 6b0dadcd321873bc
25 http request GET https://registry.npmjs.org/eslint-config-google01
26 verbose get https://registry.npmjs.org/eslint not expired, no request
27 http 404 https://registry.npmjs.org/eslint-config-google01
28 verbose headers { 'content-type': 'application/json',
28 verbose headers   'cache-control': 'max-age=0',
28 verbose headers   'content-length': '2',
28 verbose headers   'accept-ranges': 'bytes',
28 verbose headers   date: 'Tue, 18 Apr 2017 19:01:48 GMT',
28 verbose headers   via: '1.1 varnish',
28 verbose headers   age: '0',
28 verbose headers   connection: 'keep-alive',
28 verbose headers   'x-served-by': 'cache-hhn1531-HHN',
28 verbose headers   'x-cache': 'MISS',
28 verbose headers   'x-cache-hits': '0',
28 verbose headers   'x-timer': 'S1492542107.647923,VS0,VE2273',
28 verbose headers   vary: 'Accept-Encoding' }
29 silly get cb [ 404,
29 silly get   { 'content-type': 'application/json',
29 silly get     'cache-control': 'max-age=0',
29 silly get     'content-length': '2',
29 silly get     'accept-ranges': 'bytes',
29 silly get     date: 'Tue, 18 Apr 2017 19:01:48 GMT',
29 silly get     via: '1.1 varnish',
29 silly get     age: '0',
29 silly get     connection: 'keep-alive',
29 silly get     'x-served-by': 'cache-hhn1531-HHN',
29 silly get     'x-cache': 'MISS',
29 silly get     'x-cache-hits': '0',
29 silly get     'x-timer': 'S1492542107.647923,VS0,VE2273',
29 silly get     vary: 'Accept-Encoding' } ]
30 silly fetchPackageMetaData Error: Registry returned 404 for GET on https://registry.npmjs.org/eslint-config-google01
30 silly fetchPackageMetaData     at makeError (/usr/local/lib/node_modules/npm/node_modules/npm-registry-client/lib/request.js:304:12)
30 silly fetchPackageMetaData     at CachingRegistryClient.<anonymous> (/usr/local/lib/node_modules/npm/node_modules/npm-registry-client/lib/request.js:282:14)
30 silly fetchPackageMetaData     at Request._callback (/usr/local/lib/node_modules/npm/node_modules/npm-registry-client/lib/request.js:212:14)
30 silly fetchPackageMetaData     at Request.self.callback (/usr/local/lib/node_modules/npm/node_modules/request/request.js:186:22)
30 silly fetchPackageMetaData     at emitTwo (events.js:106:13)
30 silly fetchPackageMetaData     at Request.emit (events.js:194:7)
30 silly fetchPackageMetaData     at Request.<anonymous> (/usr/local/lib/node_modules/npm/node_modules/request/request.js:1081:10)
30 silly fetchPackageMetaData     at emitOne (events.js:96:13)
30 silly fetchPackageMetaData     at Request.emit (events.js:191:7)
30 silly fetchPackageMetaData     at IncomingMessage.<anonymous> (/usr/local/lib/node_modules/npm/node_modules/request/request.js:1001:12)
30 silly fetchPackageMetaData  error for eslint-config-google01 { Error: Registry returned 404 for GET on https://registry.npmjs.org/eslint-config-google01
30 silly fetchPackageMetaData     at makeError (/usr/local/lib/node_modules/npm/node_modules/npm-registry-client/lib/request.js:304:12)
30 silly fetchPackageMetaData     at CachingRegistryClient.<anonymous> (/usr/local/lib/node_modules/npm/node_modules/npm-registry-client/lib/request.js:282:14)
30 silly fetchPackageMetaData     at Request._callback (/usr/local/lib/node_modules/npm/node_modules/npm-registry-client/lib/request.js:212:14)
30 silly fetchPackageMetaData     at Request.self.callback (/usr/local/lib/node_modules/npm/node_modules/request/request.js:186:22)
30 silly fetchPackageMetaData     at emitTwo (events.js:106:13)
30 silly fetchPackageMetaData     at Request.emit (events.js:194:7)
30 silly fetchPackageMetaData     at Request.<anonymous> (/usr/local/lib/node_modules/npm/node_modules/request/request.js:1081:10)
30 silly fetchPackageMetaData     at emitOne (events.js:96:13)
30 silly fetchPackageMetaData     at Request.emit (events.js:191:7)
30 silly fetchPackageMetaData     at IncomingMessage.<anonymous> (/usr/local/lib/node_modules/npm/node_modules/request/request.js:1001:12)
30 silly fetchPackageMetaData   pkgid: 'eslint-config-google01',
30 silly fetchPackageMetaData   statusCode: 404,
30 silly fetchPackageMetaData   code: 'E404' }
31 silly rollbackFailedOptional Starting
32 silly rollbackFailedOptional Finishing
33 silly runTopLevelLifecycles Finishing
34 silly install printInstalled
35 verbose stack Error: Registry returned 404 for GET on https://registry.npmjs.org/eslint-config-google01
35 verbose stack     at makeError (/usr/local/lib/node_modules/npm/node_modules/npm-registry-client/lib/request.js:304:12)
35 verbose stack     at CachingRegistryClient.<anonymous> (/usr/local/lib/node_modules/npm/node_modules/npm-registry-client/lib/request.js:282:14)
35 verbose stack     at Request._callback (/usr/local/lib/node_modules/npm/node_modules/npm-registry-client/lib/request.js:212:14)
35 verbose stack     at Request.self.callback (/usr/local/lib/node_modules/npm/node_modules/request/request.js:186:22)
35 verbose stack     at emitTwo (events.js:106:13)
35 verbose stack     at Request.emit (events.js:194:7)
35 verbose stack     at Request.<anonymous> (/usr/local/lib/node_modules/npm/node_modules/request/request.js:1081:10)
35 verbose stack     at emitOne (events.js:96:13)
35 verbose stack     at Request.emit (events.js:191:7)
35 verbose stack     at IncomingMessage.<anonymous> (/usr/local/lib/node_modules/npm/node_modules/request/request.js:1001:12)
36 verbose statusCode 404
37 verbose pkgid eslint-config-google01
38 verbose cwd /Users/rost/Documents/mySandBox
39 error Darwin 16.5.0
40 error argv "/usr/local/bin/node" "/usr/local/bin/npm" "install" "--save-dev" "eslint" "eslint-config-google01"
41 error node v7.7.1
42 error npm  v4.1.2
43 error code E404
44 error 404 Registry returned 404 for GET on https://registry.npmjs.org/eslint-config-google01
45 error 404
46 error 404 'eslint-config-google01' is not in the npm registry.
47 error 404 You should bug the author to publish it (or use the name yourself!)
48 error 404 Note that you can also install from a
49 error 404 tarball, folder, http url, or git url.
50 verbose exit [ 1, true ]
