0 info it worked if it ends with ok
1 verbose cli [ '/usr/local/bin/node',
1 verbose cli   '/usr/local/bin/npm',
1 verbose cli   'install',
1 verbose cli   '--save-dev',
1 verbose cli   'eslint',
1 verbose cli   'eslint-config-google01~' ]
2 info using npm@4.1.2
3 info using node@v7.7.1
4 silly loadCurrentTree Starting
5 silly install loadCurrentTree
6 silly install readLocalPackageData
7 silly fetchPackageMetaData eslint
8 silly fetchPackageMetaData eslint-config-google01~
9 silly fetchNamedPackageData eslint
10 silly mapToRegistry name eslint
11 silly mapToRegistry using default registry
12 silly mapToRegistry registry https://registry.npmjs.org/
13 silly mapToRegistry data Result {
13 silly mapToRegistry   raw: 'eslint',
13 silly mapToRegistry   scope: null,
13 silly mapToRegistry   escapedName: 'eslint',
13 silly mapToRegistry   name: 'eslint',
13 silly mapToRegistry   rawSpec: '',
13 silly mapToRegistry   spec: 'latest',
13 silly mapToRegistry   type: 'tag' }
14 silly mapToRegistry uri https://registry.npmjs.org/eslint
15 silly fetchOtherPackageData eslint-config-google01~
16 silly cache add args [ 'eslint-config-google01~', null ]
17 verbose cache add spec eslint-config-google01~
18 silly cache add parsed spec Result {
18 silly cache add   raw: 'eslint-config-google01~',
18 silly cache add   scope: null,
18 silly cache add   escapedName: null,
18 silly cache add   name: null,
18 silly cache add   rawSpec: 'eslint-config-google01~',
18 silly cache add   spec: '/Users/rost/Documents/mySandBox/node-learn/eslint-config-google01~',
18 silly cache add   type: 'local' }
19 error addLocal Could not install /Users/rost/Documents/mySandBox/node-learn/eslint-config-google01~
20 silly fetchPackageMetaData Error: ENOENT: no such file or directory, open '/Users/rost/Documents/mySandBox/node-learn/eslint-config-google01~'
20 silly fetchPackageMetaData  error for eslint-config-google01~ { Error: ENOENT: no such file or directory, open '/Users/rost/Documents/mySandBox/node-learn/eslint-config-google01~'
20 silly fetchPackageMetaData   errno: -2,
20 silly fetchPackageMetaData   code: 'ENOENT',
20 silly fetchPackageMetaData   syscall: 'open',
20 silly fetchPackageMetaData   path: '/Users/rost/Documents/mySandBox/node-learn/eslint-config-google01~' }
21 verbose request uri https://registry.npmjs.org/eslint
22 verbose request no auth needed
23 info attempt registry request try #1 at 9:55:41 PM
24 verbose request id 43832de62e1a8f39
25 verbose etag W/"58c4f243-6abbc"
26 verbose lastModified Sun, 12 Mar 2017 07:01:23 GMT
27 http request GET https://registry.npmjs.org/eslint
28 http 200 https://registry.npmjs.org/eslint
29 verbose headers { server: 'nginx/1.10.1',
29 verbose headers   'content-type': 'application/json',
29 verbose headers   'last-modified': 'Tue, 18 Apr 2017 12:04:56 GMT',
29 verbose headers   etag: 'W/"58f600e8-6d887"',
29 verbose headers   'content-encoding': 'gzip',
29 verbose headers   'cache-control': 'max-age=300',
29 verbose headers   'content-length': '27043',
29 verbose headers   'accept-ranges': 'bytes',
29 verbose headers   date: 'Tue, 18 Apr 2017 18:55:42 GMT',
29 verbose headers   via: '1.1 varnish',
29 verbose headers   age: '249',
29 verbose headers   connection: 'keep-alive',
29 verbose headers   'x-served-by': 'cache-hhn1537-HHN',
29 verbose headers   'x-cache': 'HIT',
29 verbose headers   'x-cache-hits': '1',
29 verbose headers   'x-timer': 'S1492541742.192867,VS0,VE1',
29 verbose headers   vary: 'Accept-Encoding' }
30 silly get cb [ 200,
30 silly get   { server: 'nginx/1.10.1',
30 silly get     'content-type': 'application/json',
30 silly get     'last-modified': 'Tue, 18 Apr 2017 12:04:56 GMT',
30 silly get     etag: 'W/"58f600e8-6d887"',
30 silly get     'content-encoding': 'gzip',
30 silly get     'cache-control': 'max-age=300',
30 silly get     'content-length': '27043',
30 silly get     'accept-ranges': 'bytes',
30 silly get     date: 'Tue, 18 Apr 2017 18:55:42 GMT',
30 silly get     via: '1.1 varnish',
30 silly get     age: '249',
30 silly get     connection: 'keep-alive',
30 silly get     'x-served-by': 'cache-hhn1537-HHN',
30 silly get     'x-cache': 'HIT',
30 silly get     'x-cache-hits': '1',
30 silly get     'x-timer': 'S1492541742.192867,VS0,VE1',
30 silly get     vary: 'Accept-Encoding' } ]
31 verbose get saving eslint to /Users/rost/.npm/registry.npmjs.org/eslint/.cache.json
32 verbose correctMkdir /Users/rost/.npm correctMkdir not in flight; initializing
33 silly rollbackFailedOptional Starting
34 silly rollbackFailedOptional Finishing
35 silly runTopLevelLifecycles Finishing
36 silly install printInstalled
37 verbose stack Error: ENOENT: no such file or directory, open '/Users/rost/Documents/mySandBox/node-learn/eslint-config-google01~'
38 verbose cwd /Users/rost/Documents/mySandBox/node-learn
39 error Darwin 16.5.0
40 error argv "/usr/local/bin/node" "/usr/local/bin/npm" "install" "--save-dev" "eslint" "eslint-config-google01~"
41 error node v7.7.1
42 error npm  v4.1.2
43 error path /Users/rost/Documents/mySandBox/node-learn/eslint-config-google01~
44 error code ENOENT
45 error errno -2
46 error syscall open
47 error enoent ENOENT: no such file or directory, open '/Users/rost/Documents/mySandBox/node-learn/eslint-config-google01~'
48 error enoent ENOENT: no such file or directory, open '/Users/rost/Documents/mySandBox/node-learn/eslint-config-google01~'
48 error enoent This is most likely not a problem with npm itself
48 error enoent and is related to npm not being able to find a file.
49 verbose exit [ -2, true ]
